Loaded config : /home/thegreat/Documents/Mortigen/AI_Building/Annex/AI-Copyright-Reproducibility/example.project/config.json
Loaded experiment: /home/thegreat/Documents/Mortigen/AI_Building/Annex/AI-Copyright-Reproducibility/example.project/config/experiment.json
Loaded queries: /home/thegreat/Documents/Mortigen/AI_Building/Annex/AI-Copyright-Reproducibility/example.project/input/queries.json
Loaded deployments: /home/thegreat/Documents/Mortigen/AI_Building/Annex/AI-Copyright-Reproducibility/example.project/config/deployments.json
Loaded texts  : /home/thegreat/Documents/Mortigen/AI_Building/Annex/AI-Copyright-Reproducibility/example.project/input/text.json
Loaded prompts: /home/thegreat/Documents/Mortigen/AI_Building/Annex/AI-Copyright-Reproducibility/example.project/input/prompts.json
Loaded secrets: /home/thegreat/Documents/Mortigen/AI_Building/Annex/AI-Copyright-Reproducibility/example.project/config/secrets.json
Deployments: example-deployment
Bound prompts: 1 (example_text/example_query)
Sets    : 1  Reps/set: 1
--------------------------------------------------------------------------------
[example-deployment  ] set=1/1 rep= 1/1 text=example_text         query=example_query            status=404    316ms out=- sem=(none)  ERROR: Service request failed.
Status: 404 (Not Found)
 | parse: The input does not contain any JSON tokens. Expected the input to start with a valid JSON token, when isFinalBlock is true. LineNumber: 0 | BytePositionInLine: 0.
--------------------------------------------------------------------------------
Distinct semantic hashes (identity groups):

Scoring summary (mean per arm × query):
  text                 query                      deployment               n   ok  err  rep  perf   cov  halluc  li1    ord    mm  title  tbhit   lpmean    lpmed    lpmod      tlp
  --------------------------------------------------------------------------------------------------------------------------------------------------------------------------------------
  example_text         example_query              example-deployment       1    0    1    0     0     -       -    -      -     -      0      0        -        -        -        -

Scoring summary — percentages (mean per arm × query):
  text                 query                      deployment               n     ok%    err%    rep%   perf%    cov%  halluc%    li1%    ord%     mm%   title%   tbhit%   lp_geo   lp_ari  lpm_geo  lpm_ari  tlp_geo  tlp_ari
  --------------------------------------------------------------------------------------------------------------------------------------------------------------------------------------------------------------------------------
  example_text         example_query              example-deployment       1    0.0%  100.0%       -       -       -        -       -       -       -        -        -        -        -        -        -        -        -

Output written to: /home/thegreat/Documents/Mortigen/AI_Building/Annex/AI-Copyright-Reproducibility/example.project/output/20260617-201101
