2026-06-18T00:51:19.1362167Z Current runner version: '2.335.1'
2026-06-18T00:51:19.1382493Z ##[group]Runner Image Provisioner
2026-06-18T00:51:19.1383169Z Hosted Compute Agent
2026-06-18T00:51:19.1383633Z Version: 20260527.539
2026-06-18T00:51:19.1384265Z Commit: a891dd388383b896fa6ac04a82c0b75cec981078
2026-06-18T00:51:19.1384866Z Build Date: 2026-05-27T21:39:57Z
2026-06-18T00:51:19.1385448Z Worker ID: {41456fd9-3adb-4675-af6d-d5941cb3632a}
2026-06-18T00:51:19.1386089Z Azure Region: westcentralus
2026-06-18T00:51:19.1386569Z ##[endgroup]
2026-06-18T00:51:19.1388055Z ##[group]Operating System
2026-06-18T00:51:19.1388573Z Ubuntu
2026-06-18T00:51:19.1389068Z 24.04.4
2026-06-18T00:51:19.1389518Z LTS
2026-06-18T00:51:19.1389944Z ##[endgroup]
2026-06-18T00:51:19.1390462Z ##[group]Runner Image
2026-06-18T00:51:19.1390961Z Image: ubuntu-24.04
2026-06-18T00:51:19.1391678Z Version: 20260607.184.1
2026-06-18T00:51:19.1392762Z Included Software: https://github.com/actions/runner-images/blob/ubuntu24/20260607.184/images/ubuntu/Ubuntu2404-Readme.md
2026-06-18T00:51:19.1394027Z Image Release: https://github.com/actions/runner-images/releases/tag/ubuntu24%2F20260607.184
2026-06-18T00:51:19.1394796Z ##[endgroup]
2026-06-18T00:51:19.1395721Z ##[group]GITHUB_TOKEN Permissions
2026-06-18T00:51:19.1397461Z Metadata: read
2026-06-18T00:51:19.1397969Z Pages: write
2026-06-18T00:51:19.1398526Z ##[endgroup]
2026-06-18T00:51:19.1400141Z Secret source: Actions
2026-06-18T00:51:19.1400777Z Prepare workflow directory
2026-06-18T00:51:19.1658438Z Prepare all required actions
2026-06-18T00:51:19.1689597Z Getting action download info
2026-06-18T00:51:19.4749462Z Download action repository 'actions/checkout@v4' (SHA:34e114876b0b11c390a56381ad16ebd13914f8d5)
2026-06-18T00:51:19.5409936Z Download action repository 'actions/setup-dotnet@v4' (SHA:67a3573c9a986a3f9c594539f4ab511d57bb3ce9)
2026-06-18T00:51:20.2981774Z Download action repository 'actions/configure-pages@v5' (SHA:983d7736d9b0ae728b81ab479565c72886d7745b)
2026-06-18T00:51:20.8868584Z Download action repository 'actions/jekyll-build-pages@v1' (SHA:44a6e6beabd48582f863aeeb6cb2151cc1716697)
2026-06-18T00:51:21.5349003Z Download action repository 'actions/upload-pages-artifact@v3' (SHA:56afc609e74202658d3ffba0e8f6dda462b719fa)
2026-06-18T00:51:21.7497575Z Download action repository 'actions/deploy-pages@v4' (SHA:d6db90164ac5ed86f2b6aed7e0febac5b3c0c03e)
2026-06-18T00:51:22.6444331Z Getting action download info
2026-06-18T00:51:22.7582908Z Download action repository 'actions/upload-artifact@v4' (SHA:ea165f8d65b6e75b540449e92b4886f43607fa02)
2026-06-18T00:51:22.9061023Z Complete job name: Deploy Pages
2026-06-18T00:51:22.9429339Z ##[group]Pull down action image 'ghcr.io/actions/jekyll-build-pages:v1.0.13'
2026-06-18T00:51:22.9631923Z ##[command]/usr/bin/docker pull ghcr.io/actions/jekyll-build-pages:v1.0.13
2026-06-18T00:51:23.7322177Z v1.0.13: Pulling from actions/jekyll-build-pages
2026-06-18T00:51:23.7323807Z efc2b5ad9eec: Pulling fs layer
2026-06-18T00:51:23.7324482Z 165b60d1bb48: Pulling fs layer
2026-06-18T00:51:23.7325059Z 2a328af1ca3a: Pulling fs layer
2026-06-18T00:51:23.7325472Z 32b58fa44788: Pulling fs layer
2026-06-18T00:51:23.7326001Z 590ab93c22d2: Pulling fs layer
2026-06-18T00:51:23.7326494Z 26ea96c4c14c: Pulling fs layer
2026-06-18T00:51:23.7326999Z bd7e451dfea1: Pulling fs layer
2026-06-18T00:51:23.7327441Z 590ab93c22d2: Waiting
2026-06-18T00:51:23.7327708Z 32b58fa44788: Waiting
2026-06-18T00:51:23.7327963Z c209e9dadc51: Pulling fs layer
2026-06-18T00:51:23.7328329Z a4925b5c711a: Pulling fs layer
2026-06-18T00:51:23.7328603Z bd7e451dfea1: Waiting
2026-06-18T00:51:23.7329017Z cd9459784e3c: Pulling fs layer
2026-06-18T00:51:23.7329297Z c209e9dadc51: Waiting
2026-06-18T00:51:23.7329595Z cd9459784e3c: Waiting
2026-06-18T00:51:23.7329860Z a4925b5c711a: Waiting
2026-06-18T00:51:23.9635013Z 2a328af1ca3a: Verifying Checksum
2026-06-18T00:51:23.9636218Z 2a328af1ca3a: Download complete
2026-06-18T00:51:24.1940604Z 165b60d1bb48: Verifying Checksum
2026-06-18T00:51:24.1941348Z 165b60d1bb48: Download complete
2026-06-18T00:51:24.2403322Z efc2b5ad9eec: Verifying Checksum
2026-06-18T00:51:24.2404308Z efc2b5ad9eec: Download complete
2026-06-18T00:51:24.4243922Z 590ab93c22d2: Verifying Checksum
2026-06-18T00:51:24.4245048Z 590ab93c22d2: Download complete
2026-06-18T00:51:24.5152417Z 32b58fa44788: Verifying Checksum
2026-06-18T00:51:24.5153963Z 32b58fa44788: Download complete
2026-06-18T00:51:24.6706950Z bd7e451dfea1: Verifying Checksum
2026-06-18T00:51:24.6708100Z bd7e451dfea1: Download complete
2026-06-18T00:51:25.0135951Z a4925b5c711a: Download complete
2026-06-18T00:51:25.0329280Z c209e9dadc51: Verifying Checksum
2026-06-18T00:51:25.0330365Z c209e9dadc51: Download complete
2026-06-18T00:51:25.2144737Z efc2b5ad9eec: Pull complete
2026-06-18T00:51:25.2652218Z cd9459784e3c: Verifying Checksum
2026-06-18T00:51:25.2653021Z cd9459784e3c: Download complete
2026-06-18T00:51:25.3293624Z 26ea96c4c14c: Verifying Checksum
2026-06-18T00:51:25.3294151Z 26ea96c4c14c: Download complete
2026-06-18T00:51:27.7633285Z 165b60d1bb48: Pull complete
2026-06-18T00:51:27.7798037Z 2a328af1ca3a: Pull complete
2026-06-18T00:51:28.8591012Z 32b58fa44788: Pull complete
2026-06-18T00:51:28.8718488Z 590ab93c22d2: Pull complete
2026-06-18T00:51:33.6642715Z 26ea96c4c14c: Pull complete
2026-06-18T00:51:33.6717552Z bd7e451dfea1: Pull complete
2026-06-18T00:51:35.6965792Z c209e9dadc51: Pull complete
2026-06-18T00:51:35.7192913Z a4925b5c711a: Pull complete
2026-06-18T00:51:35.7279623Z cd9459784e3c: Pull complete
2026-06-18T00:51:35.7309345Z Digest: sha256:6791ebfd912185ed59bfb5fb102664fa872496b79f87ff8b9cfba292a7345041
2026-06-18T00:51:35.7322226Z Status: Downloaded newer image for ghcr.io/actions/jekyll-build-pages:v1.0.13
2026-06-18T00:51:35.7330174Z ghcr.io/actions/jekyll-build-pages:v1.0.13
2026-06-18T00:51:35.7349453Z ##[endgroup]
2026-06-18T00:51:35.7562289Z Node 20 is being deprecated. This workflow is running with Node 24 by default. If you need to temporarily use Node 20, you can set the ACTIONS_ALLOW_USE_UNSECURE_NODE_VERSION=true environment variable. For more information see: https://github.blog/changelog/2025-09-19-deprecation-of-node-20-on-github-actions-runners/
2026-06-18T00:51:35.7568521Z ##[group]Run actions/checkout@v4
2026-06-18T00:51:35.7568853Z with:
2026-06-18T00:51:35.7569115Z   repository: Tauheed-Elahee/AI-Copyright-Reproducibility
2026-06-18T00:51:35.7571627Z   token: ***
2026-06-18T00:51:35.7571805Z   ssh-strict: true
2026-06-18T00:51:35.7571983Z   ssh-user: git
2026-06-18T00:51:35.7572158Z   persist-credentials: true
2026-06-18T00:51:35.7572348Z   clean: true
2026-06-18T00:51:35.7572529Z   sparse-checkout-cone-mode: true
2026-06-18T00:51:35.7572735Z   fetch-depth: 1
2026-06-18T00:51:35.7572899Z   fetch-tags: false
2026-06-18T00:51:35.7573066Z   show-progress: true
2026-06-18T00:51:35.7573238Z   lfs: false
2026-06-18T00:51:35.7573433Z   submodules: false
2026-06-18T00:51:35.7573612Z   set-safe-directory: true
2026-06-18T00:51:35.7573914Z ##[endgroup]
2026-06-18T00:51:35.8319198Z Syncing repository: Tauheed-Elahee/AI-Copyright-Reproducibility
2026-06-18T00:51:35.8320321Z ##[group]Getting Git version info
2026-06-18T00:51:35.8320745Z Working directory is '/home/runner/work/AI-Copyright-Reproducibility/AI-Copyright-Reproducibility'
2026-06-18T00:51:35.8321282Z [command]/usr/bin/git version
2026-06-18T00:51:35.8347817Z git version 2.54.0
2026-06-18T00:51:35.8393399Z ##[endgroup]
2026-06-18T00:51:35.8403944Z Temporarily overriding HOME='/home/runner/work/_temp/cfefba67-d986-4b7b-b550-3faa71ada7f4' before making global git config changes
2026-06-18T00:51:35.8404687Z Adding repository directory to the temporary git global config as a safe directory
2026-06-18T00:51:35.8408352Z [command]/usr/bin/git config --global --add safe.directory /home/runner/work/AI-Copyright-Reproducibility/AI-Copyright-Reproducibility
2026-06-18T00:51:35.8435448Z Deleting the contents of '/home/runner/work/AI-Copyright-Reproducibility/AI-Copyright-Reproducibility'
2026-06-18T00:51:35.8438964Z ##[group]Initializing the repository
2026-06-18T00:51:35.8442753Z [command]/usr/bin/git init /home/runner/work/AI-Copyright-Reproducibility/AI-Copyright-Reproducibility
2026-06-18T00:51:35.8524891Z hint: Using 'master' as the name for the initial branch. This default branch name
2026-06-18T00:51:35.8525568Z hint: will change to "main" in Git 3.0. To configure the initial branch name
2026-06-18T00:51:35.8526185Z hint: to use in all of your new repositories, which will suppress this warning,
2026-06-18T00:51:35.8526867Z hint: call:
2026-06-18T00:51:35.8527114Z hint:
2026-06-18T00:51:35.8527453Z hint: 	git config --global init.defaultBranch <name>
2026-06-18T00:51:35.8527857Z hint:
2026-06-18T00:51:35.8528293Z hint: Names commonly chosen instead of 'master' are 'main', 'trunk' and
2026-06-18T00:51:35.8528958Z hint: 'development'. The just-created branch can be renamed via this command:
2026-06-18T00:51:35.8529446Z hint:
2026-06-18T00:51:35.8529712Z hint: 	git branch -m <name>
2026-06-18T00:51:35.8530005Z hint:
2026-06-18T00:51:35.8530423Z hint: Disable this message with "git config set advice.defaultBranchName false"
2026-06-18T00:51:35.8531334Z Initialized empty Git repository in /home/runner/work/AI-Copyright-Reproducibility/AI-Copyright-Reproducibility/.git/
2026-06-18T00:51:35.8534719Z [command]/usr/bin/git remote add origin https://github.com/Tauheed-Elahee/AI-Copyright-Reproducibility
2026-06-18T00:51:35.8557739Z ##[endgroup]
2026-06-18T00:51:35.8558076Z ##[group]Disabling automatic garbage collection
2026-06-18T00:51:35.8561780Z [command]/usr/bin/git config --local gc.auto 0
2026-06-18T00:51:35.8584253Z ##[endgroup]
2026-06-18T00:51:35.8584694Z ##[group]Setting up auth
2026-06-18T00:51:35.8589516Z [command]/usr/bin/git config --local --name-only --get-regexp core\.sshCommand
2026-06-18T00:51:35.8613310Z [command]/usr/bin/git submodule foreach --recursive sh -c "git config --local --name-only --get-regexp 'core\.sshCommand' && git config --local --unset-all 'core.sshCommand' || :"
2026-06-18T00:51:35.8855527Z [command]/usr/bin/git config --local --name-only --get-regexp http\.https\:\/\/github\.com\/\.extraheader
2026-06-18T00:51:35.8880542Z [command]/usr/bin/git submodule foreach --recursive sh -c "git config --local --name-only --get-regexp 'http\.https\:\/\/github\.com\/\.extraheader' && git config --local --unset-all 'http.https://github.com/.extraheader' || :"
2026-06-18T00:51:35.9063917Z [command]/usr/bin/git config --local --name-only --get-regexp ^includeIf\.gitdir:
2026-06-18T00:51:35.9088320Z [command]/usr/bin/git submodule foreach --recursive git config --local --show-origin --name-only --get-regexp remote.origin.url
2026-06-18T00:51:35.9269164Z [command]/usr/bin/git config --local http.https://github.com/.extraheader AUTHORIZATION: basic ***
2026-06-18T00:51:35.9295836Z ##[endgroup]
2026-06-18T00:51:35.9296232Z ##[group]Fetching the repository
2026-06-18T00:51:35.9302513Z [command]/usr/bin/git -c protocol.version=2 fetch --no-tags --prune --no-recurse-submodules --depth=1 origin +b5ff44876ad98f57253e221c141855d89ace0b2f:refs/remotes/origin/main
2026-06-18T00:51:36.6089452Z From https://github.com/Tauheed-Elahee/AI-Copyright-Reproducibility
2026-06-18T00:51:36.6090015Z  * [new ref]         b5ff44876ad98f57253e221c141855d89ace0b2f -> origin/main
2026-06-18T00:51:36.6108966Z ##[endgroup]
2026-06-18T00:51:36.6109422Z ##[group]Determining the checkout info
2026-06-18T00:51:36.6111086Z ##[endgroup]
2026-06-18T00:51:36.6115401Z [command]/usr/bin/git sparse-checkout disable
2026-06-18T00:51:36.6145208Z [command]/usr/bin/git config --local --unset-all extensions.worktreeConfig
2026-06-18T00:51:36.6165961Z ##[group]Checking out the ref
2026-06-18T00:51:36.6187284Z [command]/usr/bin/git checkout --progress --force -B main refs/remotes/origin/main
2026-06-18T00:51:36.6381491Z Switched to a new branch 'main'
2026-06-18T00:51:36.6383330Z branch 'main' set up to track 'origin/main'.
2026-06-18T00:51:36.6389007Z ##[endgroup]
2026-06-18T00:51:36.6418477Z [command]/usr/bin/git log -1 --format=%H
2026-06-18T00:51:36.6437124Z b5ff44876ad98f57253e221c141855d89ace0b2f
2026-06-18T00:51:36.6599140Z Node 20 is being deprecated. This workflow is running with Node 24 by default. If you need to temporarily use Node 20, you can set the ACTIONS_ALLOW_USE_UNSECURE_NODE_VERSION=true environment variable. For more information see: https://github.blog/changelog/2025-09-19-deprecation-of-node-20-on-github-actions-runners/
2026-06-18T00:51:36.6600520Z ##[group]Run actions/setup-dotnet@v4
2026-06-18T00:51:36.6600736Z with:
2026-06-18T00:51:36.6600896Z   dotnet-version: 8.x
2026-06-18T00:51:36.6601072Z   cache: false
2026-06-18T00:51:36.6601232Z ##[endgroup]
2026-06-18T00:51:36.7765906Z (node:2187) [DEP0040] DeprecationWarning: The `punycode` module is deprecated. Please use a userland alternative instead.
2026-06-18T00:51:36.7766778Z (Use `node --trace-deprecation ...` to show where the warning was created)
2026-06-18T00:51:36.8722338Z [command]/home/runner/work/_actions/actions/setup-dotnet/v4/externals/install-dotnet.sh --skip-non-versioned-files --runtime dotnet --channel LTS
2026-06-18T00:51:37.7548706Z dotnet-install: Attempting to download using aka.ms link https://builds.dotnet.microsoft.com/dotnet/Runtime/10.0.9/dotnet-runtime-10.0.9-linux-x64.tar.gz
2026-06-18T00:51:38.5618719Z dotnet-install: Remote file https://builds.dotnet.microsoft.com/dotnet/Runtime/10.0.9/dotnet-runtime-10.0.9-linux-x64.tar.gz size is 36606251 bytes.
2026-06-18T00:51:38.5622717Z dotnet-install: Extracting archive from https://builds.dotnet.microsoft.com/dotnet/Runtime/10.0.9/dotnet-runtime-10.0.9-linux-x64.tar.gz
2026-06-18T00:51:39.1145492Z dotnet-install: Downloaded file size is 36606251 bytes.
2026-06-18T00:51:39.1146062Z dotnet-install: The remote and local file sizes are equal.
2026-06-18T00:51:39.1378107Z dotnet-install: Installed version is 10.0.9
2026-06-18T00:51:39.1424603Z dotnet-install: Adding to current process PATH: `/usr/share/dotnet`. Note: This change will be visible only when sourcing script.
2026-06-18T00:51:39.1425851Z dotnet-install: Note that the script does not resolve dependencies during installation.
2026-06-18T00:51:39.1426957Z dotnet-install: To check the list of dependencies, go to https://learn.microsoft.com/dotnet/core/install, select your operating system and check the "Dependencies" section.
2026-06-18T00:51:39.1428071Z dotnet-install: Installation finished successfully.
2026-06-18T00:51:39.1437741Z [command]/home/runner/work/_actions/actions/setup-dotnet/v4/externals/install-dotnet.sh --skip-non-versioned-files --channel 8.0
2026-06-18T00:51:40.1462448Z dotnet-install: Attempting to download using aka.ms link https://builds.dotnet.microsoft.com/dotnet/Sdk/8.0.422/dotnet-sdk-8.0.422-linux-x64.tar.gz
2026-06-18T00:51:43.0620766Z dotnet-install: Remote file https://builds.dotnet.microsoft.com/dotnet/Sdk/8.0.422/dotnet-sdk-8.0.422-linux-x64.tar.gz size is 216764804 bytes.
2026-06-18T00:51:43.0621996Z dotnet-install: Extracting archive from https://builds.dotnet.microsoft.com/dotnet/Sdk/8.0.422/dotnet-sdk-8.0.422-linux-x64.tar.gz
2026-06-18T00:51:46.7354640Z dotnet-install: Downloaded file size is 216764804 bytes.
2026-06-18T00:51:46.7355755Z dotnet-install: The remote and local file sizes are equal.
2026-06-18T00:51:46.9312109Z dotnet-install: Installed version is 8.0.422
2026-06-18T00:51:46.9360871Z dotnet-install: Adding to current process PATH: `/usr/share/dotnet`. Note: This change will be visible only when sourcing script.
2026-06-18T00:51:46.9361768Z dotnet-install: Note that the script does not resolve dependencies during installation.
2026-06-18T00:51:46.9362501Z dotnet-install: To check the list of dependencies, go to https://learn.microsoft.com/dotnet/core/install, select your operating system and check the "Dependencies" section.
2026-06-18T00:51:46.9363100Z dotnet-install: Installation finished successfully.
2026-06-18T00:51:46.9483735Z ##[group]Run dotnet workload install wasm-tools
2026-06-18T00:51:46.9484073Z 
