2026-06-18T01:03:47.8950321Z Current runner version: '2.335.1'
2026-06-18T01:03:47.8983957Z ##[group]Runner Image Provisioner
2026-06-18T01:03:47.8985226Z Hosted Compute Agent
2026-06-18T01:03:47.8986218Z Version: 20260611.554
2026-06-18T01:03:47.8987259Z Commit: 5e0782fdc9014723d3be820dd114dd31555c2bd1
2026-06-18T01:03:47.8988410Z Build Date: 2026-06-11T21:40:46Z
2026-06-18T01:03:47.8989552Z Worker ID: {b6dd4129-d68e-4160-8999-c8b7dd8731f4}
2026-06-18T01:03:47.8990883Z Azure Region: eastus
2026-06-18T01:03:47.8991783Z ##[endgroup]
2026-06-18T01:03:47.8993894Z ##[group]Operating System
2026-06-18T01:03:47.8994853Z Ubuntu
2026-06-18T01:03:47.8995766Z 24.04.4
2026-06-18T01:03:47.8996542Z LTS
2026-06-18T01:03:47.8997769Z ##[endgroup]
2026-06-18T01:03:47.8998703Z ##[group]Runner Image
2026-06-18T01:03:47.8999891Z Image: ubuntu-24.04
2026-06-18T01:03:47.9000829Z Version: 20260615.205.1
2026-06-18T01:03:47.9002750Z Included Software: https://github.com/actions/runner-images/blob/ubuntu24/20260615.205/images/ubuntu/Ubuntu2404-Readme.md
2026-06-18T01:03:47.9005347Z Image Release: https://github.com/actions/runner-images/releases/tag/ubuntu24%2F20260615.205
2026-06-18T01:03:47.9006909Z ##[endgroup]
2026-06-18T01:03:47.9008710Z ##[group]GITHUB_TOKEN Permissions
2026-06-18T01:03:47.9011820Z Metadata: read
2026-06-18T01:03:47.9012842Z Pages: write
2026-06-18T01:03:47.9013661Z ##[endgroup]
2026-06-18T01:03:47.9016685Z Secret source: Actions
2026-06-18T01:03:47.9018047Z Prepare workflow directory
2026-06-18T01:03:47.9467763Z Prepare all required actions
2026-06-18T01:03:47.9521858Z Getting action download info
2026-06-18T01:03:48.2087866Z Download action repository 'actions/checkout@v4' (SHA:34e114876b0b11c390a56381ad16ebd13914f8d5)
2026-06-18T01:03:48.2773403Z Download action repository 'actions/setup-dotnet@v4' (SHA:67a3573c9a986a3f9c594539f4ab511d57bb3ce9)
2026-06-18T01:03:48.4762777Z Download action repository 'actions/configure-pages@v5' (SHA:983d7736d9b0ae728b81ab479565c72886d7745b)
2026-06-18T01:03:48.6097385Z Download action repository 'actions/jekyll-build-pages@v1' (SHA:44a6e6beabd48582f863aeeb6cb2151cc1716697)
2026-06-18T01:03:48.7622339Z Download action repository 'actions/upload-pages-artifact@v3' (SHA:56afc609e74202658d3ffba0e8f6dda462b719fa)
2026-06-18T01:03:48.8375980Z Download action repository 'actions/deploy-pages@v4' (SHA:d6db90164ac5ed86f2b6aed7e0febac5b3c0c03e)
2026-06-18T01:03:49.1176681Z Getting action download info
2026-06-18T01:03:49.2489153Z Download action repository 'actions/upload-artifact@v4' (SHA:ea165f8d65b6e75b540449e92b4886f43607fa02)
2026-06-18T01:03:49.4100095Z Complete job name: Deploy Pages
2026-06-18T01:03:49.4666923Z ##[group]Pull down action image 'ghcr.io/actions/jekyll-build-pages:v1.0.13'
2026-06-18T01:03:49.4869058Z ##[command]/usr/bin/docker pull ghcr.io/actions/jekyll-build-pages:v1.0.13
2026-06-18T01:03:49.7441996Z v1.0.13: Pulling from actions/jekyll-build-pages
2026-06-18T01:03:49.7443688Z efc2b5ad9eec: Pulling fs layer
2026-06-18T01:03:49.7445045Z 165b60d1bb48: Pulling fs layer
2026-06-18T01:03:49.7446253Z 2a328af1ca3a: Pulling fs layer
2026-06-18T01:03:49.7447519Z 32b58fa44788: Pulling fs layer
2026-06-18T01:03:49.7448740Z 590ab93c22d2: Pulling fs layer
2026-06-18T01:03:49.7450161Z 26ea96c4c14c: Pulling fs layer
2026-06-18T01:03:49.7451324Z 32b58fa44788: Waiting
2026-06-18T01:03:49.7452404Z 590ab93c22d2: Waiting
2026-06-18T01:03:49.7453446Z bd7e451dfea1: Pulling fs layer
2026-06-18T01:03:49.7454636Z c209e9dadc51: Pulling fs layer
2026-06-18T01:03:49.7455792Z a4925b5c711a: Pulling fs layer
2026-06-18T01:03:49.7456974Z cd9459784e3c: Pulling fs layer
2026-06-18T01:03:49.7458234Z 26ea96c4c14c: Waiting
2026-06-18T01:03:49.7459235Z bd7e451dfea1: Waiting
2026-06-18T01:03:49.7460573Z cd9459784e3c: Waiting
2026-06-18T01:03:49.7461631Z c209e9dadc51: Waiting
2026-06-18T01:03:49.7462650Z a4925b5c711a: Waiting
2026-06-18T01:03:49.8172083Z 2a328af1ca3a: Verifying Checksum
2026-06-18T01:03:49.8173883Z 2a328af1ca3a: Download complete
2026-06-18T01:03:49.8742020Z 165b60d1bb48: Verifying Checksum
2026-06-18T01:03:49.8743722Z 165b60d1bb48: Download complete
2026-06-18T01:03:49.9272311Z 590ab93c22d2: Verifying Checksum
2026-06-18T01:03:49.9291813Z 590ab93c22d2: Download complete
2026-06-18T01:03:49.9387758Z efc2b5ad9eec: Verifying Checksum
2026-06-18T01:03:49.9390307Z efc2b5ad9eec: Download complete
2026-06-18T01:03:50.0010161Z bd7e451dfea1: Verifying Checksum
2026-06-18T01:03:50.0012290Z bd7e451dfea1: Download complete
2026-06-18T01:03:50.0023878Z 32b58fa44788: Verifying Checksum
2026-06-18T01:03:50.0025658Z 32b58fa44788: Download complete
2026-06-18T01:03:50.0684096Z a4925b5c711a: Verifying Checksum
2026-06-18T01:03:50.0686113Z a4925b5c711a: Download complete
2026-06-18T01:03:50.1135611Z cd9459784e3c: Verifying Checksum
2026-06-18T01:03:50.1139462Z cd9459784e3c: Download complete
2026-06-18T01:03:50.2017130Z c209e9dadc51: Verifying Checksum
2026-06-18T01:03:50.2019813Z c209e9dadc51: Download complete
2026-06-18T01:03:50.6566257Z 26ea96c4c14c: Verifying Checksum
2026-06-18T01:03:50.6569200Z 26ea96c4c14c: Download complete
2026-06-18T01:03:51.2769538Z efc2b5ad9eec: Pull complete
2026-06-18T01:03:53.6348656Z 165b60d1bb48: Pull complete
2026-06-18T01:03:53.6463699Z 2a328af1ca3a: Pull complete
2026-06-18T01:03:54.6003884Z 32b58fa44788: Pull complete
2026-06-18T01:03:54.6094506Z 590ab93c22d2: Pull complete
2026-06-18T01:03:58.8229082Z 26ea96c4c14c: Pull complete
2026-06-18T01:03:58.8319432Z bd7e451dfea1: Pull complete
2026-06-18T01:04:00.8311614Z c209e9dadc51: Pull complete
2026-06-18T01:04:00.8570502Z a4925b5c711a: Pull complete
2026-06-18T01:04:00.8654860Z cd9459784e3c: Pull complete
2026-06-18T01:04:00.8686312Z Digest: sha256:6791ebfd912185ed59bfb5fb102664fa872496b79f87ff8b9cfba292a7345041
2026-06-18T01:04:00.8700380Z Status: Downloaded newer image for ghcr.io/actions/jekyll-build-pages:v1.0.13
2026-06-18T01:04:00.8704950Z ghcr.io/actions/jekyll-build-pages:v1.0.13
2026-06-18T01:04:00.8728318Z ##[endgroup]
2026-06-18T01:04:00.9019790Z Node 20 is being deprecated. This workflow is running with Node 24 by default. If you need to temporarily use Node 20, you can set the ACTIONS_ALLOW_USE_UNSECURE_NODE_VERSION=true environment variable. For more information see: https://github.blog/changelog/2025-09-19-deprecation-of-node-20-on-github-actions-runners/
2026-06-18T01:04:00.9027544Z ##[group]Run actions/checkout@v4
2026-06-18T01:04:00.9027961Z with:
2026-06-18T01:04:00.9028269Z   repository: Tauheed-Elahee/AI-Copyright-Reproducibility
2026-06-18T01:04:00.9031977Z   token: ***
2026-06-18T01:04:00.9032220Z   ssh-strict: true
2026-06-18T01:04:00.9032448Z   ssh-user: git
2026-06-18T01:04:00.9032680Z   persist-credentials: true
2026-06-18T01:04:00.9032929Z   clean: true
2026-06-18T01:04:00.9033151Z   sparse-checkout-cone-mode: true
2026-06-18T01:04:00.9033424Z   fetch-depth: 1
2026-06-18T01:04:00.9033643Z   fetch-tags: false
2026-06-18T01:04:00.9033860Z   show-progress: true
2026-06-18T01:04:00.9034077Z   lfs: false
2026-06-18T01:04:00.9034320Z   submodules: false
2026-06-18T01:04:00.9034564Z   set-safe-directory: true
2026-06-18T01:04:00.9035098Z ##[endgroup]
2026-06-18T01:04:01.0042869Z Syncing repository: Tauheed-Elahee/AI-Copyright-Reproducibility
2026-06-18T01:04:01.0044466Z ##[group]Getting Git version info
2026-06-18T01:04:01.0045036Z Working directory is '/home/runner/work/AI-Copyright-Reproducibility/AI-Copyright-Reproducibility'
2026-06-18T01:04:01.0045764Z [command]/usr/bin/git version
2026-06-18T01:04:01.0088699Z git version 2.54.0
2026-06-18T01:04:01.0141921Z ##[endgroup]
2026-06-18T01:04:01.0155575Z Temporarily overriding HOME='/home/runner/work/_temp/16e0e5a1-5e06-41fa-8cf0-1ef1b5cf7ea1' before making global git config changes
2026-06-18T01:04:01.0156679Z Adding repository directory to the temporary git global config as a safe directory
2026-06-18T01:04:01.0160896Z [command]/usr/bin/git config --global --add safe.directory /home/runner/work/AI-Copyright-Reproducibility/AI-Copyright-Reproducibility
2026-06-18T01:04:01.0204954Z Deleting the contents of '/home/runner/work/AI-Copyright-Reproducibility/AI-Copyright-Reproducibility'
2026-06-18T01:04:01.0208616Z ##[group]Initializing the repository
2026-06-18T01:04:01.0213563Z [command]/usr/bin/git init /home/runner/work/AI-Copyright-Reproducibility/AI-Copyright-Reproducibility
2026-06-18T01:04:01.0290458Z hint: Using 'master' as the name for the initial branch. This default branch name
2026-06-18T01:04:01.0291478Z hint: will change to "main" in Git 3.0. To configure the initial branch name
2026-06-18T01:04:01.0292332Z hint: to use in all of your new repositories, which will suppress this warning,
2026-06-18T01:04:01.0293086Z hint: call:
2026-06-18T01:04:01.0293605Z hint:
2026-06-18T01:04:01.0294182Z hint: 	git config --global init.defaultBranch <name>
2026-06-18T01:04:01.0294780Z hint:
2026-06-18T01:04:01.0295362Z hint: Names commonly chosen instead of 'master' are 'main', 'trunk' and
2026-06-18T01:04:01.0296186Z hint: 'development'. The just-created branch can be renamed via this command:
2026-06-18T01:04:01.0296801Z hint:
2026-06-18T01:04:01.0297232Z hint: 	git branch -m <name>
2026-06-18T01:04:01.0297678Z hint:
2026-06-18T01:04:01.0298258Z hint: Disable this message with "git config set advice.defaultBranchName false"
2026-06-18T01:04:01.0299220Z Initialized empty Git repository in /home/runner/work/AI-Copyright-Reproducibility/AI-Copyright-Reproducibility/.git/
2026-06-18T01:04:01.0304965Z [command]/usr/bin/git remote add origin https://github.com/Tauheed-Elahee/AI-Copyright-Reproducibility
2026-06-18T01:04:01.0344231Z ##[endgroup]
2026-06-18T01:04:01.0344770Z ##[group]Disabling automatic garbage collection
2026-06-18T01:04:01.0348121Z [command]/usr/bin/git config --local gc.auto 0
2026-06-18T01:04:01.0376958Z ##[endgroup]
2026-06-18T01:04:01.0377567Z ##[group]Setting up auth
2026-06-18T01:04:01.0383956Z [command]/usr/bin/git config --local --name-only --get-regexp core\.sshCommand
2026-06-18T01:04:01.0416964Z [command]/usr/bin/git submodule foreach --recursive sh -c "git config --local --name-only --get-regexp 'core\.sshCommand' && git config --local --unset-all 'core.sshCommand' || :"
2026-06-18T01:04:01.0726584Z [command]/usr/bin/git config --local --name-only --get-regexp http\.https\:\/\/github\.com\/\.extraheader
2026-06-18T01:04:01.0761228Z [command]/usr/bin/git submodule foreach --recursive sh -c "git config --local --name-only --get-regexp 'http\.https\:\/\/github\.com\/\.extraheader' && git config --local --unset-all 'http.https://github.com/.extraheader' || :"
2026-06-18T01:04:01.0994683Z [command]/usr/bin/git config --local --name-only --get-regexp ^includeIf\.gitdir:
2026-06-18T01:04:01.1027222Z [command]/usr/bin/git submodule foreach --recursive git config --local --show-origin --name-only --get-regexp remote.origin.url
2026-06-18T01:04:01.1262176Z [command]/usr/bin/git config --local http.https://github.com/.extraheader AUTHORIZATION: basic ***
2026-06-18T01:04:01.1297111Z ##[endgroup]
2026-06-18T01:04:01.1297677Z ##[group]Fetching the repository
2026-06-18T01:04:01.1306014Z [command]/usr/bin/git -c protocol.version=2 fetch --no-tags --prune --no-recurse-submodules --depth=1 origin +0c824d2f7eae898c51410b0d3036f02b39365a2a:refs/remotes/origin/main
2026-06-18T01:04:01.4306630Z From https://github.com/Tauheed-Elahee/AI-Copyright-Reproducibility
2026-06-18T01:04:01.4307551Z  * [new ref]         0c824d2f7eae898c51410b0d3036f02b39365a2a -> origin/main
2026-06-18T01:04:01.4346815Z ##[endgroup]
2026-06-18T01:04:01.4347412Z ##[group]Determining the checkout info
2026-06-18T01:04:01.4350590Z ##[endgroup]
2026-06-18T01:04:01.4357638Z [command]/usr/bin/git sparse-checkout disable
2026-06-18T01:04:01.4407194Z [command]/usr/bin/git config --local --unset-all extensions.worktreeConfig
2026-06-18T01:04:01.4437498Z ##[group]Checking out the ref
2026-06-18T01:04:01.4444123Z [command]/usr/bin/git checkout --progress --force -B main refs/remotes/origin/main
2026-06-18T01:04:01.4708190Z Switched to a new branch 'main'
2026-06-18T01:04:01.4710416Z branch 'main' set up to track 'origin/main'.
2026-06-18T01:04:01.4717236Z ##[endgroup]
2026-06-18T01:04:01.4764034Z [command]/usr/bin/git log -1 --format=%H
2026-06-18T01:04:01.4790025Z 0c824d2f7eae898c51410b0d3036f02b39365a2a
2026-06-18T01:04:01.4996226Z Node 20 is being deprecated. This workflow is running with Node 24 by default. If you need to temporarily use Node 20, you can set the ACTIONS_ALLOW_USE_UNSECURE_NODE_VERSION=true environment variable. For more information see: https://github.blog/changelog/2025-09-19-deprecation-of-node-20-on-github-actions-runners/
2026-06-18T01:04:01.4997834Z ##[group]Run actions/setup-dotnet@v4
2026-06-18T01:04:01.4998111Z with:
2026-06-18T01:04:01.4998320Z   dotnet-version: 8.x
2026-06-18T01:04:01.4998550Z   cache: false
2026-06-18T01:04:01.4998757Z ##[endgroup]
2026-06-18T01:04:01.6510419Z (node:2346) [DEP0040] DeprecationWarning: The `punycode` module is deprecated. Please use a userland alternative instead.
2026-06-18T01:04:01.6514157Z (Use `node --trace-deprecation ...` to show where the warning was created)
2026-06-18T01:04:01.6824189Z [command]/home/runner/work/_actions/actions/setup-dotnet/v4/externals/install-dotnet.sh --skip-non-versioned-files --runtime dotnet --channel LTS
2026-06-18T01:04:01.9576720Z dotnet-install: .NET Core Runtime with version '10.0.9' is already installed.
2026-06-18T01:04:01.9601100Z [command]/home/runner/work/_actions/actions/setup-dotnet/v4/externals/install-dotnet.sh --skip-non-versioned-files --channel 8.0
2026-06-18T01:04:02.2207295Z dotnet-install: .NET Core SDK with version '8.0.422' is already installed.
2026-06-18T01:04:02.2399076Z ##[group]Run dotnet workload install wasm-tools
2026-06-18T01:04:02.2399507Z 
